app/build/intermediates/manifest_merge_blame_file/debug/processDebugMainManifest/manifest-merger-blame-debug-report.txt
1<?xml version="1.0" encoding="utf-8"?>
2<manifest xmlns:android="http://schemas.android.com/apk/res/android"
3    package="com.prabhu.womensafetyapp"
4    android:versionCode="1"
5    android:versionName="1.0" >
6
7    <uses-sdk
8        android:minSdkVersion="18"
9        android:targetSdkVersion="34" />
10
11    <!-- Permissions -->
12    <uses-permission android:name="android.permission.ACCESS_FINE_LOCATION" />
12-->src\main\AndroidManifest.xml:8:5-79
12-->src\main\AndroidManifest.xml:8:22-76
13    <uses-permission android:name="android.permission.SEND_SMS" />
13-->src\main\AndroidManifest.xml:9:5-66
13-->src\main\AndroidManifest.xml:9:22-64
14    <uses-permission android:name="android.permission.ACCESS_COARSE_LOCATION" />
14-->src\main\AndroidManifest.xml:10:5-81
14-->src\main\AndroidManifest.xml:10:22-78
15    <uses-permission android:name="android.permission.INTERNET" />
15-->src\main\AndroidManifest.xml:11:5-66
15-->src\main\AndroidManifest.xml:11:22-64
16    <uses-permission android:name="android.permission.POST_NOTIFICATIONS" />
16-->src\main\AndroidManifest.xml:12:5-77
16-->src\main\AndroidManifest.xml:12:22-74
17    <uses-permission android:name="android.permission.READ_PHONE_STATE" />
17-->src\main\AndroidManifest.xml:13:5-75
17-->src\main\AndroidManifest.xml:13:22-72
18    <uses-permission android:name="android.permission.FOREGROUND_SERVICE" />
18-->src\main\AndroidManifest.xml:14:5-77
18-->src\main\AndroidManifest.xml:14:22-74
19    <uses-permission android:name="android.permission.FOREGROUND_SERVICE_LOCATION" /> <!-- Required for location-based foreground services -->
19-->src\main\AndroidManifest.xml:15:5-86
19-->src\main\AndroidManifest.xml:15:22-83
20
21
22    <!-- Telephony hardware is not required -->
23    <uses-feature
23-->src\main\AndroidManifest.xml:18:5-88
24        android:name="android.hardware.telephony"
24-->src\main\AndroidManifest.xml:18:19-60
25        android:required="false" />
25-->src\main\AndroidManifest.xml:18:61-85
26
27    <permission
27-->[androidx.core:core:1.12.0] AndroidManifest.xml:22:5-24:47
28        android:name="com.prabhu.womensafetyapp.DYNAMIC_RECEIVER_NOT_EXPORTED_PERMISSION"
28-->[androidx.core:core:1.12.0] AndroidManifest.xml:23:9-81
29        android:protectionLevel="signature" />
29-->[androidx.core:core:1.12.0] AndroidManifest.xml:24:9-44
30
31    <uses-permission android:name="com.prabhu.womensafetyapp.DYNAMIC_RECEIVER_NOT_EXPORTED_PERMISSION" />
31-->[androidx.core:core:1.12.0] AndroidManifest.xml:26:5-97
31-->[androidx.core:core:1.12.0] AndroidManifest.xml:26:22-94
32
33    <application
33-->src\main\AndroidManifest.xml:20:5-48:19
34        android:allowBackup="true"
34-->src\main\AndroidManifest.xml:21:9-35
35        android:appComponentFactory="androidx.core.app.CoreComponentFactory"
35-->[androidx.core:core:1.12.0] AndroidManifest.xml:28:18-86
36        android:debuggable="true"
37        android:extractNativeLibs="true"
38        android:icon="@drawable/ic_launcher"
38-->src\main\AndroidManifest.xml:22:9-45
39        android:label="@string/app_name"
39-->src\main\AndroidManifest.xml:23:9-41
40        android:testOnly="true"
41        android:theme="@style/AppTheme" >
41-->src\main\AndroidManifest.xml:24:9-40
42
43        <!-- Main Activity -->
44        <activity
44-->src\main\AndroidManifest.xml:27:9-35:20
45            android:name="com.prabhu.womensafetyapp.MainActivity"
45-->src\main\AndroidManifest.xml:28:13-66
46            android:exported="true"
46-->src\main\AndroidManifest.xml:29:13-36
47            android:label="@string/app_name" >
47-->src\main\AndroidManifest.xml:30:13-45
48            <intent-filter>
48-->src\main\AndroidManifest.xml:31:13-34:29
49                <action android:name="android.intent.action.MAIN" />
49-->src\main\AndroidManifest.xml:32:17-69
49-->src\main\AndroidManifest.xml:32:25-66
50
51                <category android:name="android.intent.category.LAUNCHER" />
51-->src\main\AndroidManifest.xml:33:17-77
51-->src\main\AndroidManifest.xml:33:27-74
52            </intent-filter>
53        </activity>
54
55        <!-- Additional Activities -->
56        <activity android:name="com.prabhu.womensafetyapp.Register" />
56-->src\main\AndroidManifest.xml:38:9-71
56-->src\main\AndroidManifest.xml:38:19-68
57        <activity android:name="com.prabhu.womensafetyapp.Display" />
57-->src\main\AndroidManifest.xml:39:9-70
57-->src\main\AndroidManifest.xml:39:19-67
58        <activity android:name="com.prabhu.womensafetyapp.Instructions" />
58-->src\main\AndroidManifest.xml:40:9-75
58-->src\main\AndroidManifest.xml:40:19-72
59        <activity android:name="com.prabhu.womensafetyapp.Verify" />
59-->src\main\AndroidManifest.xml:41:9-69
59-->src\main\AndroidManifest.xml:41:19-66
60
61        <!-- Background Service for Geolocation -->
62        <service
62-->src\main\AndroidManifest.xml:44:9-47:74
63            android:name="com.prabhu.womensafetyapp.BgService"
63-->src\main\AndroidManifest.xml:45:13-63
64            android:foregroundServiceType="location"
64-->src\main\AndroidManifest.xml:46:13-53
65            android:permission="android.permission.FOREGROUND_SERVICE" />
65-->src\main\AndroidManifest.xml:47:13-71
66
67        <provider
67-->[androidx.emoji2:emoji2:1.2.0] AndroidManifest.xml:24:9-32:20
68            android:name="androidx.startup.InitializationProvider"
68-->[androidx.emoji2:emoji2:1.2.0] AndroidManifest.xml:25:13-67
69            android:authorities="com.prabhu.womensafetyapp.androidx-startup"
69-->[androidx.emoji2:emoji2:1.2.0] AndroidManifest.xml:26:13-68
70            android:exported="false" >
70-->[androidx.emoji2:emoji2:1.2.0] AndroidManifest.xml:27:13-37
71            <meta-data
71-->[androidx.emoji2:emoji2:1.2.0] AndroidManifest.xml:29:13-31:52
72                android:name="androidx.emoji2.text.EmojiCompatInitializer"
72-->[androidx.emoji2:emoji2:1.2.0] AndroidManifest.xml:30:17-75
73                android:value="androidx.startup" />
73-->[androidx.emoji2:emoji2:1.2.0] AndroidManifest.xml:31:17-49
74            <meta-data
74-->[androidx.lifecycle:lifecycle-process:2.4.1] AndroidManifest.xml:31:13-33:52
75                android:name="androidx.lifecycle.ProcessLifecycleInitializer"
75-->[androidx.lifecycle:lifecycle-process:2.4.1] AndroidManifest.xml:32:17-78
76                android:value="androidx.startup" />
76-->[androidx.lifecycle:lifecycle-process:2.4.1] AndroidManifest.xml:33:17-49
77        </provider>
78    </application>
79
80</manifest>